\BOOKMARK [1][-]{section.1}{\376\377\000I\000n\000t\000r\000o\000d\000u\000c\000c\000i\000\363}{}% 1
\BOOKMARK [1][-]{section.2}{\376\377\000D\000i\000m\000e\000n\000s\000i\000o\000n\000a\000m\000e\000n\000t\000\040\000d\000e\000l\000s\000\040\000c\000o\000m\000p\000o\000n\000e\000n\000t\000s}{}% 2
\BOOKMARK [1][-]{section.3}{\376\377\000S\000i\000m\000u\000l\000a\000c\000i\000o\000n\000s\000\040\000L\000T\000S\000p\000i\000c\000e}{}% 3
\BOOKMARK [2][-]{subsection.3.1}{\376\377\000M\000o\000d\000e\000l\000\040\000d\000e\000l\000\040\000m\000o\000t\000o\000r}{section.3}% 4
\BOOKMARK [2][-]{subsection.3.2}{\376\377\000L\000l\000a\000\347\000\040\000o\000b\000e\000r\000t}{section.3}% 5
\BOOKMARK [3][-]{subsubsection.3.2.1}{\376\377\000D\000i\000s\000s\000i\000p\000a\000c\000i\000\363\000\040\000i\000\040\000S\000O\000A}{subsection.3.2}% 6
\BOOKMARK [3][-]{subsubsection.3.2.2}{\376\377\000D\000r\000i\000v\000e\000r\000s\000\040\000i\000\040\000C\000b\000o\000o\000t}{subsection.3.2}% 7
\BOOKMARK [3][-]{subsubsection.3.2.3}{\376\377\000P\000r\000e\000s\000\350\000n\000c\000i\000a\000\040\000d\000e\000l\000\040\000s\000e\000n\000y\000a\000l\000\040\000B\000E\000M\000F}{subsection.3.2}% 8
\BOOKMARK [2][-]{subsection.3.3}{\376\377\000D\000e\000t\000e\000c\000c\000i\000\363\000\040\000d\000e\000\040\000B\000E\000M\000F}{section.3}% 9
\BOOKMARK [1][-]{section.4}{\376\377\000D\000i\000s\000s\000e\000n\000y\000\040\000d\000e\000\040\000h\000a\000r\000d\000w\000a\000r\000e}{}% 10
\BOOKMARK [2][-]{subsection.4.1}{\376\377\000E\000s\000q\000u\000e\000m\000\340\000t\000i\000c}{section.4}% 11
\BOOKMARK [3][-]{subsubsection.4.1.1}{\376\377\000M\000i\000c\000r\000o\000c\000o\000n\000t\000r\000o\000l\000a\000d\000o\000r\000\040\000\050\000T\000I\000V\000A\000\051}{subsection.4.1}% 12
\BOOKMARK [3][-]{subsubsection.4.1.2}{\376\377\000A\000l\000i\000m\000e\000n\000t\000a\000c\000i\000\363}{subsection.4.1}% 13
\BOOKMARK [3][-]{subsubsection.4.1.3}{\376\377\000E\000x\000c\000i\000t\000a\000c\000i\000\363\000\040\000d\000e\000l\000\040\000m\000o\000t\000o\000r}{subsection.4.1}% 14
\BOOKMARK [3][-]{subsubsection.4.1.4}{\376\377\000M\000o\000t\000o\000r}{subsection.4.1}% 15
\BOOKMARK [3][-]{subsubsection.4.1.5}{\376\377\000D\000e\000t\000e\000c\000c\000i\000\363\000\040\000d\000e\000\040\000p\000o\000s\000i\000c\000i\000\363}{subsection.4.1}% 16
\BOOKMARK [2][-]{subsection.4.2}{\376\377\000L\000a\000y\000o\000u\000t}{section.4}% 17
\BOOKMARK [1][-]{section.5}{\376\377\000D\000i\000m\000e\000n\000s\000i\000o\000n\000a\000m\000e\000n\000t\000\040\000d\000e\000l\000s\000\040\000c\000o\000m\000p\000o\000n\000e\000n\000t\000s}{}% 18
\BOOKMARK [2][-]{subsection.5.1}{\376\377\000M\000o\000d\000e\000l\000\040\000d\000e\000l\000\040\000m\000o\000t\000o\000r\000\040\000B\000L\000D\000C}{section.5}% 19
\BOOKMARK [3][-]{subsubsection.5.1.1}{\376\377\000E\000q\000u\000a\000c\000i\000\363\000\040\000E\000l\000\350\000c\000t\000r\000i\000c\000a\000\040\000d\000e\000\040\000F\000a\000s\000e}{subsection.5.1}% 20
\BOOKMARK [3][-]{subsubsection.5.1.2}{\376\377\000E\000q\000u\000a\000c\000i\000\363\000\040\000M\000e\000c\000\340\000n\000i\000c\000a}{subsection.5.1}% 21
\BOOKMARK [3][-]{subsubsection.5.1.3}{\376\377\000P\000o\000t\000\350\000n\000c\000i\000a\000\040\000C\000o\000n\000v\000e\000r\000t\000i\000d\000a}{subsection.5.1}% 22
\BOOKMARK [3][-]{subsubsection.5.1.4}{\376\377\000D\000i\000f\000e\000r\000\350\000n\000c\000i\000e\000s\000\040\000a\000m\000b\000\040\000e\000l\000\040\000M\000o\000t\000o\000r\000\040\000D\000C\000\040\000d\000'\000E\000s\000c\000o\000m\000b\000r\000e\000t\000e\000s}{subsection.5.1}% 23
\BOOKMARK [2][-]{subsection.5.2}{\376\377\000V\000e\000l\000o\000c\000i\000t\000a\000t\000\040\000d\000e\000l\000\040\000m\000o\000t\000o\000r\000\040\000i\000\040\000r\000a\000n\000g\000\040\000s\000e\000n\000y\000a\000l\000\040\000P\000W\000M}{section.5}% 24
\BOOKMARK [2][-]{subsection.5.3}{\376\377\000C\000a\000p\000a\000c\000i\000t\000a\000t\000s\000\040\000d\000e\000\040\000b\000o\000o\000t\000s\000t\000r\000a\000p\000\040\000i\000\040\000t\000e\000m\000p\000s\000\040\000d\000e\000\040\000c\000\340\000r\000r\000e\000g\000a\000/\000d\000e\000s\000c\000\340\000r\000r\000e\000g\000a}{section.5}% 25
\BOOKMARK [3][-]{subsubsection.5.3.1}{\376\377\000C\000\340\000l\000c\000u\000l\000\040\000d\000e\000l\000\040\000C\000o\000n\000d\000e\000n\000s\000a\000d\000o\000r\000\040\000B\000o\000o\000t\000s\000t\000r\000a\000p\000\040\000\050\000C\000b\000o\000o\000t\000\051}{subsection.5.3}% 26
\BOOKMARK [3][-]{subsubsection.5.3.2}{\376\377\000T\000e\000m\000p\000s\000\040\000d\000e\000\040\000C\000\340\000r\000r\000e\000g\000a\000\040\000i\000\040\000D\000e\000s\000c\000\340\000r\000r\000e\000g\000a}{subsection.5.3}% 27
\BOOKMARK [3][-]{subsubsection.5.3.3}{\376\377\000T\000e\000m\000p\000s\000\040\000d\000e\000\040\000C\000\340\000r\000r\000e\000g\000a\000\040\000\050\000t\000U\000p\000\051}{subsection.5.3}% 28
\BOOKMARK [3][-]{subsubsection.5.3.4}{\376\377\000T\000e\000m\000p\000s\000\040\000d\000e\000\040\000D\000e\000s\000c\000\340\000r\000r\000e\000g\000a\000\040\000\050\000t\000D\000o\000w\000n\000\051}{subsection.5.3}% 29
\BOOKMARK [2][-]{subsection.5.4}{\376\377\000C\000o\000n\000s\000u\000m\000\040\000d\000e\000l\000\040\000d\000r\000i\000v\000e\000r}{section.5}% 30
\BOOKMARK [2][-]{subsection.5.5}{\376\377\000C\000o\000n\000s\000u\000m\000\040\000d\000e\000l\000s\000\040\000M\000O\000S\000F\000E\000T\000s}{section.5}% 31
\BOOKMARK [2][-]{subsection.5.6}{\376\377\000R\000e\000s\000i\000s\000t\000\350\000n\000c\000i\000a\000\040\000d\000e\000\040\000g\000a\000t\000e\000\040\000d\000e\000l\000s\000\040\000M\000O\000S\000F\000E\000T\000s}{section.5}% 32
\BOOKMARK [2][-]{subsection.5.7}{\376\377\000C\000a\000p\000a\000c\000i\000t\000a\000t\000s\000\040\000d\000e\000\040\000d\000e\000s\000a\000c\000o\000b\000l\000a\000m\000e\000n\000t}{section.5}% 33
\BOOKMARK [2][-]{subsection.5.8}{\376\377\000C\000o\000m\000p\000o\000n\000e\000n\000t\000s\000\040\000d\000e\000l\000\040\000B\000E\000M\000F}{section.5}% 34
\BOOKMARK [2][-]{subsection.5.9}{\376\377\000V\000e\000r\000i\000f\000i\000c\000a\000c\000i\000\363\000\040\000d\000e\000\040\000l\000'\000a\000n\000\340\000l\000i\000s\000i}{section.5}% 35
\BOOKMARK [1][-]{section.6}{\376\377\000C\000o\000n\000c\000l\000u\000s\000i\000o\000n\000s}{}% 36
\BOOKMARK [1][-]{section.7}{\376\377\000A\000n\000n\000e\000x}{}% 37
\BOOKMARK [2][-]{subsection.7.1}{\376\377\000S\000V\000P\000W\000M}{section.7}% 38
\BOOKMARK [3][-]{subsubsection.7.1.1}{\376\377\000I\000m\000p\000l\000e\000m\000e\000n\000t\000a\000c\000i\000\363\000\040\000a\000m\000b\000\040\000n\000o\000m\000\351\000s\000\040\0003\000\040\000P\000W\000M\000\040\000i\000\040\0003\000\040\000G\000P\000I\000O}{subsection.7.1}% 39
\BOOKMARK [2][-]{subsection.7.2}{\376\377\000O\000b\000s\000e\000r\000v\000e\000r\000-\000b\000a\000s\000e\000d\000\040\000S\000e\000n\000s\000o\000r\000l\000e\000s\000s\000\040\000E\000s\000t\000i\000m\000a\000t\000i\000o\000n}{section.7}% 40
